0 info it worked if it ends with ok
1 verbose cli [ 'C:\\SDK\'s\\node.js\\\\node.exe',
1 verbose cli   'C:\\SDK\'s\\node.js\\node_modules\\npm\\bin\\npm-cli.js',
1 verbose cli   'install',
1 verbose cli   '--platform',
1 verbose cli   'android',
1 verbose cli   '--project',
1 verbose cli   'platforms/android',
1 verbose cli   '--plugin',
1 verbose cli   'https://github.com/jefflinwood/twilio_client_phonegap.git' ]
2 info using npm@2.11.2
3 info using node@v0.10.36
4 verbose install initial load of C:\Users\Tom\ionic\MoneyTunesPOC\package.json
5 warn package.json moneytunespoc@1.0.0 No repository field.
6 warn package.json moneytunespoc@1.0.0 No README data
7 warn package.json moneytunespoc@1.0.0 No license field.
8 verbose readDependencies loading dependencies from C:\Users\Tom\ionic\MoneyTunesPOC\package.json
9 silly cache add args [ 'android', null ]
10 verbose cache add spec android
11 silly cache add args [ 'platforms/android', null ]
12 verbose cache add spec platforms/android
13 silly cache add args [ 'https://github.com/jefflinwood/twilio_client_phonegap.git',
13 silly cache add   null ]
14 verbose cache add spec https://github.com/jefflinwood/twilio_client_phonegap.git
15 silly cache add parsed spec { raw: 'android',
15 silly cache add   scope: null,
15 silly cache add   name: 'android',
15 silly cache add   rawSpec: '',
15 silly cache add   spec: '*',
15 silly cache add   type: 'range' }
16 silly addNamed android@*
17 verbose addNamed "*" is a valid semver range for android
18 silly addNameRange { name: 'android', range: '*', hasData: false }
19 silly mapToRegistry name android
20 silly mapToRegistry using default registry
21 silly mapToRegistry registry https://registry.npmjs.org/
22 silly mapToRegistry uri https://registry.npmjs.org/android
23 verbose addNameRange registry:https://registry.npmjs.org/android not in flight; fetching
24 silly cache add parsed spec { raw: 'https://github.com/jefflinwood/twilio_client_phonegap.git',
24 silly cache add   scope: null,
24 silly cache add   name: null,
24 silly cache add   rawSpec: 'https://github.com/jefflinwood/twilio_client_phonegap.git',
24 silly cache add   spec: 'git+https://github.com/jefflinwood/twilio_client_phonegap.git',
24 silly cache add   type: 'hosted',
24 silly cache add   hosted:
24 silly cache add    { type: 'github',
24 silly cache add      ssh: 'git@github.com:jefflinwood/twilio_client_phonegap.git',
24 silly cache add      sshUrl: 'git+ssh://git@github.com/jefflinwood/twilio_client_phonegap.git',
24 silly cache add      httpsUrl: 'git+https://github.com/jefflinwood/twilio_client_phonegap.git',
24 silly cache add      gitUrl: 'git://github.com/jefflinwood/twilio_client_phonegap.git',
24 silly cache add      shortcut: 'github:jefflinwood/twilio_client_phonegap',
24 silly cache add      directUrl: 'https://raw.githubusercontent.com/jefflinwood/twilio_client_phonegap/master/package.json' } }
25 verbose addRemoteGit caching https://github.com/jefflinwood/twilio_client_phonegap.git
26 verbose addRemoteGit git+https://github.com/jefflinwood/twilio_client_phonegap.git is a repository hosted by github
27 silly tryClone cloning git+https://github.com/jefflinwood/twilio_client_phonegap.git via git+https://github.com/jefflinwood/twilio_client_phonegap.git
28 verbose tryClone https-github-com-jefflinwood-twilio-client-phonegap-git-85dff498 not in flight; caching
29 silly cache add parsed spec { raw: 'platforms/android',
29 silly cache add   scope: null,
29 silly cache add   name: null,
29 silly cache add   rawSpec: 'platforms/android',
29 silly cache add   spec: 'github:platforms/android',
29 silly cache add   type: 'hosted',
29 silly cache add   hosted:
29 silly cache add    { type: 'github',
29 silly cache add      ssh: 'git@github.com:platforms/android.git',
29 silly cache add      sshUrl: 'git+ssh://git@github.com/platforms/android.git',
29 silly cache add      httpsUrl: 'git+https://github.com/platforms/android.git',
29 silly cache add      gitUrl: 'git://github.com/platforms/android.git',
29 silly cache add      shortcut: 'github:platforms/android',
29 silly cache add      directUrl: 'https://raw.githubusercontent.com/platforms/android/master/package.json' } }
30 verbose addRemoteGit caching platforms/android
31 verbose addRemoteGit platforms/android is a repository hosted by github
32 silly tryGitProto attempting to clone git://github.com/platforms/android.git
33 silly tryClone cloning platforms/android via git://github.com/platforms/android.git
34 verbose tryClone git-github-com-platforms-android-git-59a28c92 not in flight; caching
35 verbose request uri https://registry.npmjs.org/android
36 verbose request no auth needed
37 info attempt registry request try #1 at 14:47:12
38 verbose request id 8bdb18b5e5380a3f
39 verbose etag "7OHWO7BQOMQ7HRN1FX9JC87N7"
40 http request GET https://registry.npmjs.org/android
41 warn addRemoteGit Error: not found: git
41 warn addRemoteGit     at F (C:\SDK's\node.js\node_modules\npm\node_modules\which\which.js:72:28)
41 warn addRemoteGit     at E (C:\SDK's\node.js\node_modules\npm\node_modules\which\which.js:75:29)
41 warn addRemoteGit     at C:\SDK's\node.js\node_modules\npm\node_modules\which\which.js:83:16
41 warn addRemoteGit     at Object.oncomplete (fs.js:108:15)
41 warn addRemoteGit  git+https://github.com/jefflinwood/twilio_client_phonegap.git resetting remote C:\Users\Tom\AppData\Roaming\npm-cache\_git-remotes\https-github-com-jefflinwood-twilio-client-phonegap-git-85dff498 because of error: { [Error: not found: git] code: 'ENOGIT' }
42 info resetRemote resetting C:\Users\Tom\AppData\Roaming\npm-cache\_git-remotes\https-github-com-jefflinwood-twilio-client-phonegap-git-85dff498 for git+https://github.com/jefflinwood/twilio_client_phonegap.git
43 silly gentlyRm C:\Users\Tom\AppData\Roaming\npm-cache\_git-remotes\https-github-com-jefflinwood-twilio-client-phonegap-git-85dff498 is being purged
44 verbose gentlyRm don't care about contents; nuking C:\Users\Tom\AppData\Roaming\npm-cache\_git-remotes\https-github-com-jefflinwood-twilio-client-phonegap-git-85dff498
45 warn addRemoteGit Error: not found: git
45 warn addRemoteGit     at F (C:\SDK's\node.js\node_modules\npm\node_modules\which\which.js:72:28)
45 warn addRemoteGit     at E (C:\SDK's\node.js\node_modules\npm\node_modules\which\which.js:75:29)
45 warn addRemoteGit     at C:\SDK's\node.js\node_modules\npm\node_modules\which\which.js:83:16
45 warn addRemoteGit     at Object.oncomplete (fs.js:108:15)
45 warn addRemoteGit  platforms/android resetting remote C:\Users\Tom\AppData\Roaming\npm-cache\_git-remotes\git-github-com-platforms-android-git-59a28c92 because of error: { [Error: not found: git] code: 'ENOGIT' }
46 info resetRemote resetting C:\Users\Tom\AppData\Roaming\npm-cache\_git-remotes\git-github-com-platforms-android-git-59a28c92 for platforms/android
47 silly gentlyRm C:\Users\Tom\AppData\Roaming\npm-cache\_git-remotes\git-github-com-platforms-android-git-59a28c92 is being purged
48 verbose gentlyRm don't care about contents; nuking C:\Users\Tom\AppData\Roaming\npm-cache\_git-remotes\git-github-com-platforms-android-git-59a28c92
49 silly vacuum-fs purging C:\Users\Tom\AppData\Roaming\npm-cache\_git-remotes\https-github-com-jefflinwood-twilio-client-phonegap-git-85dff498
50 silly vacuum-fs purging C:\Users\Tom\AppData\Roaming\npm-cache\_git-remotes\git-github-com-platforms-android-git-59a28c92
51 silly vacuum-fs quitting because other entries in C:\Users\Tom\AppData\Roaming\npm-cache\_git-remotes
52 silly vacuum-fs quitting because other entries in C:\Users\Tom\AppData\Roaming\npm-cache\_git-remotes
53 error git clone --template=C:\Users\Tom\AppData\Roaming\npm-cache\_git-remotes\_templates --mirror git://github.com/platforms/android.git C:\Users\Tom\AppData\Roaming\npm-cache\_git-remotes\git-github-com-platforms-android-git-59a28c92: undefined
53 error git clone --template=C:\Users\Tom\AppData\Roaming\npm-cache\_git-remotes\_templates --mirror git://github.com/platforms/android.git C:\Users\Tom\AppData\Roaming\npm-cache\_git-remotes\git-github-com-platforms-android-git-59a28c92: undefined
54 silly tryHTTPS attempting to clone git+https://github.com/platforms/android.git
55 silly tryClone cloning platforms/android via git+https://github.com/platforms/android.git
56 verbose tryClone https-github-com-platforms-android-git-8d60795c not in flight; caching
57 error git clone --template=C:\Users\Tom\AppData\Roaming\npm-cache\_git-remotes\_templates --mirror https://github.com/jefflinwood/twilio_client_phonegap.git C:\Users\Tom\AppData\Roaming\npm-cache\_git-remotes\https-github-com-jefflinwood-twilio-client-phonegap-git-85dff498: undefined
57 error git clone --template=C:\Users\Tom\AppData\Roaming\npm-cache\_git-remotes\_templates --mirror https://github.com/jefflinwood/twilio_client_phonegap.git C:\Users\Tom\AppData\Roaming\npm-cache\_git-remotes\https-github-com-jefflinwood-twilio-client-phonegap-git-85dff498: undefined
58 warn addRemoteGit Error: not found: git
58 warn addRemoteGit     at F (C:\SDK's\node.js\node_modules\npm\node_modules\which\which.js:72:28)
58 warn addRemoteGit     at E (C:\SDK's\node.js\node_modules\npm\node_modules\which\which.js:75:29)
58 warn addRemoteGit     at C:\SDK's\node.js\node_modules\npm\node_modules\which\which.js:83:16
58 warn addRemoteGit     at Object.oncomplete (fs.js:108:15)
58 warn addRemoteGit  platforms/android resetting remote C:\Users\Tom\AppData\Roaming\npm-cache\_git-remotes\https-github-com-platforms-android-git-8d60795c because of error: { [Error: not found: git] code: 'ENOGIT' }
59 info resetRemote resetting C:\Users\Tom\AppData\Roaming\npm-cache\_git-remotes\https-github-com-platforms-android-git-8d60795c for platforms/android
60 silly gentlyRm C:\Users\Tom\AppData\Roaming\npm-cache\_git-remotes\https-github-com-platforms-android-git-8d60795c is being purged
61 verbose gentlyRm don't care about contents; nuking C:\Users\Tom\AppData\Roaming\npm-cache\_git-remotes\https-github-com-platforms-android-git-8d60795c
62 silly vacuum-fs purging C:\Users\Tom\AppData\Roaming\npm-cache\_git-remotes\https-github-com-platforms-android-git-8d60795c
63 silly vacuum-fs quitting because other entries in C:\Users\Tom\AppData\Roaming\npm-cache\_git-remotes
64 error git clone --template=C:\Users\Tom\AppData\Roaming\npm-cache\_git-remotes\_templates --mirror https://github.com/platforms/android.git C:\Users\Tom\AppData\Roaming\npm-cache\_git-remotes\https-github-com-platforms-android-git-8d60795c: undefined
64 error git clone --template=C:\Users\Tom\AppData\Roaming\npm-cache\_git-remotes\_templates --mirror https://github.com/platforms/android.git C:\Users\Tom\AppData\Roaming\npm-cache\_git-remotes\https-github-com-platforms-android-git-8d60795c: undefined
65 silly trySSH attempting to clone git@github.com:platforms/android.git
66 silly tryClone cloning platforms/android via git@github.com:platforms/android.git
67 verbose tryClone git-github-com-platforms-android-git-d803b73c not in flight; caching
68 warn addRemoteGit Error: not found: git
68 warn addRemoteGit     at F (C:\SDK's\node.js\node_modules\npm\node_modules\which\which.js:72:28)
68 warn addRemoteGit     at E (C:\SDK's\node.js\node_modules\npm\node_modules\which\which.js:75:29)
68 warn addRemoteGit     at C:\SDK's\node.js\node_modules\npm\node_modules\which\which.js:83:16
68 warn addRemoteGit     at Object.oncomplete (fs.js:108:15)
68 warn addRemoteGit  platforms/android resetting remote C:\Users\Tom\AppData\Roaming\npm-cache\_git-remotes\git-github-com-platforms-android-git-d803b73c because of error: { [Error: not found: git] code: 'ENOGIT' }
69 info resetRemote resetting C:\Users\Tom\AppData\Roaming\npm-cache\_git-remotes\git-github-com-platforms-android-git-d803b73c for platforms/android
70 silly gentlyRm C:\Users\Tom\AppData\Roaming\npm-cache\_git-remotes\git-github-com-platforms-android-git-d803b73c is being purged
71 verbose gentlyRm don't care about contents; nuking C:\Users\Tom\AppData\Roaming\npm-cache\_git-remotes\git-github-com-platforms-android-git-d803b73c
72 silly vacuum-fs purging C:\Users\Tom\AppData\Roaming\npm-cache\_git-remotes\git-github-com-platforms-android-git-d803b73c
73 silly vacuum-fs quitting because other entries in C:\Users\Tom\AppData\Roaming\npm-cache\_git-remotes
74 error git clone --template=C:\Users\Tom\AppData\Roaming\npm-cache\_git-remotes\_templates --mirror git@github.com:platforms/android.git C:\Users\Tom\AppData\Roaming\npm-cache\_git-remotes\git-github-com-platforms-android-git-d803b73c: undefined
74 error git clone --template=C:\Users\Tom\AppData\Roaming\npm-cache\_git-remotes\_templates --mirror git@github.com:platforms/android.git C:\Users\Tom\AppData\Roaming\npm-cache\_git-remotes\git-github-com-platforms-android-git-d803b73c: undefined
75 http 304 https://registry.npmjs.org/android
76 silly get cb [ 304,
76 silly get   { date: 'Wed, 08 Jul 2015 11:47:17 GMT',
76 silly get     via: '1.1 varnish',
76 silly get     'cache-control': 'max-age=60',
76 silly get     etag: '"7OHWO7BQOMQ7HRN1FX9JC87N7"',
76 silly get     age: '0',
76 silly get     connection: 'keep-alive',
76 silly get     'x-served-by': 'cache-ams4140-AMS',
76 silly get     'x-cache': 'MISS',
76 silly get     'x-cache-hits': '0',
76 silly get     'x-timer': 'S1436356037.670660,VS0,VE710',
76 silly get     vary: 'Accept' } ]
77 verbose etag https://registry.npmjs.org/android from cache
78 verbose get saving android to C:\Users\Tom\AppData\Roaming\npm-cache\registry.npmjs.org\android\.cache.json
79 silly addNameRange number 2 { name: 'android', range: '*', hasData: true }
80 silly addNameRange versions [ 'android',
80 silly addNameRange   [ '0.0.0', '0.0.1', '0.0.6', '0.0.7', '0.0.8', '0.0.5-cd' ] ]
81 silly addNamed android@0.0.8
82 verbose addNamed "0.0.8" is a plain semver version for android
83 silly cache afterAdd android@0.0.8
84 verbose afterAdd C:\Users\Tom\AppData\Roaming\npm-cache\android\0.0.8\package\package.json not in flight; writing
85 verbose afterAdd C:\Users\Tom\AppData\Roaming\npm-cache\android\0.0.8\package\package.json written
86 verbose stack Error: not found: git
86 verbose stack     at F (C:\SDK's\node.js\node_modules\npm\node_modules\which\which.js:72:28)
86 verbose stack     at E (C:\SDK's\node.js\node_modules\npm\node_modules\which\which.js:75:29)
86 verbose stack     at C:\SDK's\node.js\node_modules\npm\node_modules\which\which.js:83:16
86 verbose stack     at Object.oncomplete (fs.js:108:15)
87 verbose cwd C:\Users\Tom\ionic\MoneyTunesPOC
88 error Windows_NT 6.2.9200
89 error argv "C:\\SDK's\\node.js\\\\node.exe" "C:\\SDK's\\node.js\\node_modules\\npm\\bin\\npm-cli.js" "install" "--platform" "android" "--project" "platforms/android" "--plugin" "https://github.com/jefflinwood/twilio_client_phonegap.git"
90 error node v0.10.36
91 error npm  v2.11.2
92 error code ENOGIT
93 error not found: git
94 error Failed using git.
94 error This is most likely not a problem with npm itself.
94 error Please check if you have git installed and in your PATH.
95 verbose exit [ 1, true ]
